ARM GAS  C:\Users\kus\AppData\Local\Temp\ccnF23av.s 			page 1


   1              		.cpu cortex-m4
   2              		.eabi_attribute 27, 1
   3              		.eabi_attribute 28, 1
   4              		.eabi_attribute 20, 1
   5              		.eabi_attribute 21, 1
   6              		.eabi_attribute 23, 3
   7              		.eabi_attribute 24, 1
   8              		.eabi_attribute 25, 1
   9              		.eabi_attribute 26, 1
  10              		.eabi_attribute 30, 1
  11              		.eabi_attribute 34, 1
  12              		.eabi_attribute 18, 4
  13              		.file	"gpio.c"
  14              		.text
  15              	.Ltext0:
  16              		.cfi_sections	.debug_frame
  17              		.section	.text.MX_GPIO_Init,"ax",%progbits
  18              		.align	1
  19              		.global	MX_GPIO_Init
  20              		.arch armv7e-m
  21              		.syntax unified
  22              		.thumb
  23              		.thumb_func
  24              		.fpu fpv4-sp-d16
  26              	MX_GPIO_Init:
  27              	.LFB123:
  28              		.file 1 "Core/Src/gpio.c"
   1:Core/Src/gpio.c **** /**
   2:Core/Src/gpio.c ****   ******************************************************************************
   3:Core/Src/gpio.c ****   * @file    gpio.c
   4:Core/Src/gpio.c ****   * @brief   This file provides code for the configuration
   5:Core/Src/gpio.c ****   *          of all used GPIO pins.
   6:Core/Src/gpio.c ****   ******************************************************************************
   7:Core/Src/gpio.c ****   * @attention
   8:Core/Src/gpio.c ****   *
   9:Core/Src/gpio.c ****   * <h2><center>&copy; Copyright (c) 2021 STMicroelectronics.
  10:Core/Src/gpio.c ****   * All rights reserved.</center></h2>
  11:Core/Src/gpio.c ****   *
  12:Core/Src/gpio.c ****   * This software component is licensed by ST under Ultimate Liberty license
  13:Core/Src/gpio.c ****   * SLA0044, the "License"; You may not use this file except in compliance with
  14:Core/Src/gpio.c ****   * the License. You may obtain a copy of the License at:
  15:Core/Src/gpio.c ****   *                             www.st.com/SLA0044
  16:Core/Src/gpio.c ****   *
  17:Core/Src/gpio.c ****   ******************************************************************************
  18:Core/Src/gpio.c ****   */
  19:Core/Src/gpio.c **** 
  20:Core/Src/gpio.c **** /* Includes ------------------------------------------------------------------*/
  21:Core/Src/gpio.c **** #include "gpio.h"
  22:Core/Src/gpio.c **** 
  23:Core/Src/gpio.c **** /* USER CODE BEGIN 0 */
  24:Core/Src/gpio.c **** 
  25:Core/Src/gpio.c **** /* USER CODE END 0 */
  26:Core/Src/gpio.c **** 
  27:Core/Src/gpio.c **** /*----------------------------------------------------------------------------*/
  28:Core/Src/gpio.c **** /* Configure GPIO                                                             */
  29:Core/Src/gpio.c **** /*----------------------------------------------------------------------------*/
  30:Core/Src/gpio.c **** /* USER CODE BEGIN 1 */
ARM GAS  C:\Users\kus\AppData\Local\Temp\ccnF23av.s 			page 2


  31:Core/Src/gpio.c **** 
  32:Core/Src/gpio.c **** /* USER CODE END 1 */
  33:Core/Src/gpio.c **** 
  34:Core/Src/gpio.c **** /** Configure pins
  35:Core/Src/gpio.c **** */
  36:Core/Src/gpio.c **** void MX_GPIO_Init(void)
  37:Core/Src/gpio.c **** {
  29              		.loc 1 37 1 view -0
  30              		.cfi_startproc
  31              		@ args = 0, pretend = 0, frame = 32
  32              		@ frame_needed = 0, uses_anonymous_args = 0
  33 0000 10B5     		push	{r4, lr}
  34              	.LCFI0:
  35              		.cfi_def_cfa_offset 8
  36              		.cfi_offset 4, -8
  37              		.cfi_offset 14, -4
  38 0002 88B0     		sub	sp, sp, #32
  39              	.LCFI1:
  40              		.cfi_def_cfa_offset 40
  38:Core/Src/gpio.c **** 
  39:Core/Src/gpio.c ****   GPIO_InitTypeDef GPIO_InitStruct = {0};
  41              		.loc 1 39 3 view .LVU1
  42              		.loc 1 39 20 is_stmt 0 view .LVU2
  43 0004 0024     		movs	r4, #0
  44 0006 0394     		str	r4, [sp, #12]
  45 0008 0494     		str	r4, [sp, #16]
  46 000a 0594     		str	r4, [sp, #20]
  47 000c 0694     		str	r4, [sp, #24]
  48 000e 0794     		str	r4, [sp, #28]
  40:Core/Src/gpio.c **** 
  41:Core/Src/gpio.c ****   /* GPIO Ports Clock Enable */
  42:Core/Src/gpio.c ****   __HAL_RCC_GPIOA_CLK_ENABLE();
  49              		.loc 1 42 3 is_stmt 1 view .LVU3
  50              	.LBB2:
  51              		.loc 1 42 3 view .LVU4
  52              		.loc 1 42 3 view .LVU5
  53 0010 164B     		ldr	r3, .L3
  54 0012 5A69     		ldr	r2, [r3, #20]
  55 0014 42F40032 		orr	r2, r2, #131072
  56 0018 5A61     		str	r2, [r3, #20]
  57              		.loc 1 42 3 view .LVU6
  58 001a 5A69     		ldr	r2, [r3, #20]
  59 001c 02F40032 		and	r2, r2, #131072
  60 0020 0192     		str	r2, [sp, #4]
  61              		.loc 1 42 3 view .LVU7
  62 0022 019A     		ldr	r2, [sp, #4]
  63              	.LBE2:
  64              		.loc 1 42 3 view .LVU8
  43:Core/Src/gpio.c ****   __HAL_RCC_GPIOB_CLK_ENABLE();
  65              		.loc 1 43 3 view .LVU9
  66              	.LBB3:
  67              		.loc 1 43 3 view .LVU10
  68              		.loc 1 43 3 view .LVU11
  69 0024 5A69     		ldr	r2, [r3, #20]
  70 0026 42F48022 		orr	r2, r2, #262144
  71 002a 5A61     		str	r2, [r3, #20]
  72              		.loc 1 43 3 view .LVU12
ARM GAS  C:\Users\kus\AppData\Local\Temp\ccnF23av.s 			page 3


  73 002c 5B69     		ldr	r3, [r3, #20]
  74 002e 03F48023 		and	r3, r3, #262144
  75 0032 0293     		str	r3, [sp, #8]
  76              		.loc 1 43 3 view .LVU13
  77 0034 029B     		ldr	r3, [sp, #8]
  78              	.LBE3:
  79              		.loc 1 43 3 view .LVU14
  44:Core/Src/gpio.c **** 
  45:Core/Src/gpio.c ****   /*Configure GPIO pin Output Level */
  46:Core/Src/gpio.c ****   HAL_GPIO_WritePin(GPIOA, GPIO_PIN_0|GPIO_PIN_1|GPIO_PIN_3, GPIO_PIN_RESET);
  80              		.loc 1 46 3 view .LVU15
  81 0036 2246     		mov	r2, r4
  82 0038 0B21     		movs	r1, #11
  83 003a 4FF09040 		mov	r0, #1207959552
  84 003e FFF7FEFF 		bl	HAL_GPIO_WritePin
  85              	.LVL0:
  47:Core/Src/gpio.c **** 
  48:Core/Src/gpio.c ****   /*Configure GPIO pins : PA0 PA1 PA3 */
  49:Core/Src/gpio.c ****   GPIO_InitStruct.Pin = GPIO_PIN_0|GPIO_PIN_1|GPIO_PIN_3;
  86              		.loc 1 49 3 view .LVU16
  87              		.loc 1 49 23 is_stmt 0 view .LVU17
  88 0042 0B23     		movs	r3, #11
  89 0044 0393     		str	r3, [sp, #12]
  50:Core/Src/gpio.c ****   GPIO_InitStruct.Mode = GPIO_MODE_OUTPUT_PP;
  90              		.loc 1 50 3 is_stmt 1 view .LVU18
  91              		.loc 1 50 24 is_stmt 0 view .LVU19
  92 0046 0123     		movs	r3, #1
  93 0048 0493     		str	r3, [sp, #16]
  51:Core/Src/gpio.c ****   GPIO_InitStruct.Pull = GPIO_NOPULL;
  94              		.loc 1 51 3 is_stmt 1 view .LVU20
  95              		.loc 1 51 24 is_stmt 0 view .LVU21
  96 004a 0594     		str	r4, [sp, #20]
  52:Core/Src/gpio.c ****   GPIO_InitStruct.Speed = GPIO_SPEED_FREQ_LOW;
  97              		.loc 1 52 3 is_stmt 1 view .LVU22
  98              		.loc 1 52 25 is_stmt 0 view .LVU23
  99 004c 0694     		str	r4, [sp, #24]
  53:Core/Src/gpio.c ****   HAL_GPIO_Init(GPIOA, &GPIO_InitStruct);
 100              		.loc 1 53 3 is_stmt 1 view .LVU24
 101 004e 03A9     		add	r1, sp, #12
 102 0050 4FF09040 		mov	r0, #1207959552
 103 0054 FFF7FEFF 		bl	HAL_GPIO_Init
 104              	.LVL1:
  54:Core/Src/gpio.c **** 
  55:Core/Src/gpio.c ****   /*Configure GPIO pins : PB4 PB5 */
  56:Core/Src/gpio.c ****   GPIO_InitStruct.Pin = GPIO_PIN_4|GPIO_PIN_5;
 105              		.loc 1 56 3 view .LVU25
 106              		.loc 1 56 23 is_stmt 0 view .LVU26
 107 0058 3023     		movs	r3, #48
 108 005a 0393     		str	r3, [sp, #12]
  57:Core/Src/gpio.c ****   GPIO_InitStruct.Mode = GPIO_MODE_INPUT;
 109              		.loc 1 57 3 is_stmt 1 view .LVU27
 110              		.loc 1 57 24 is_stmt 0 view .LVU28
 111 005c 0494     		str	r4, [sp, #16]
  58:Core/Src/gpio.c ****   GPIO_InitStruct.Pull = GPIO_NOPULL;
 112              		.loc 1 58 3 is_stmt 1 view .LVU29
 113              		.loc 1 58 24 is_stmt 0 view .LVU30
 114 005e 0594     		str	r4, [sp, #20]
ARM GAS  C:\Users\kus\AppData\Local\Temp\ccnF23av.s 			page 4


  59:Core/Src/gpio.c ****   HAL_GPIO_Init(GPIOB, &GPIO_InitStruct);
 115              		.loc 1 59 3 is_stmt 1 view .LVU31
 116 0060 03A9     		add	r1, sp, #12
 117 0062 0348     		ldr	r0, .L3+4
 118 0064 FFF7FEFF 		bl	HAL_GPIO_Init
 119              	.LVL2:
  60:Core/Src/gpio.c **** 
  61:Core/Src/gpio.c **** }
 120              		.loc 1 61 1 is_stmt 0 view .LVU32
 121 0068 08B0     		add	sp, sp, #32
 122              	.LCFI2:
 123              		.cfi_def_cfa_offset 8
 124              		@ sp needed
 125 006a 10BD     		pop	{r4, pc}
 126              	.L4:
 127              		.align	2
 128              	.L3:
 129 006c 00100240 		.word	1073876992
 130 0070 00040048 		.word	1207960576
 131              		.cfi_endproc
 132              	.LFE123:
 134              		.text
 135              	.Letext0:
 136              		.file 2 "c:\\users\\kus\\files\\needed_software\\gcc-arm-none-eabi-10-2020-q4-major\\arm-none-eabi
 137              		.file 3 "c:\\users\\kus\\files\\needed_software\\gcc-arm-none-eabi-10-2020-q4-major\\arm-none-eabi
 138              		.file 4 "Drivers/CMSIS/Device/ST/STM32F3xx/Include/stm32f303x8.h"
 139              		.file 5 "Drivers/STM32F3xx_HAL_Driver/Inc/stm32f3xx_hal_gpio.h"
ARM GAS  C:\Users\kus\AppData\Local\Temp\ccnF23av.s 			page 5


DEFINED SYMBOLS
                            *ABS*:00000000 gpio.c
C:\Users\kus\AppData\Local\Temp\ccnF23av.s:18     .text.MX_GPIO_Init:00000000 $t
C:\Users\kus\AppData\Local\Temp\ccnF23av.s:26     .text.MX_GPIO_Init:00000000 MX_GPIO_Init
C:\Users\kus\AppData\Local\Temp\ccnF23av.s:129    .text.MX_GPIO_Init:0000006c $d

UNDEFINED SYMBOLS
HAL_GPIO_WritePin
HAL_GPIO_Init
